2024-03-08 19:51:03,246 - uvicorn.error - INFO - Started server process [9560]
2024-03-08 19:51:03,246 - uvicorn.error - INFO - Waiting for application startup.
2024-03-08 19:51:03,560 - uvicorn.error - INFO - Application startup complete.
2024-03-08 19:51:03,697 - uvicorn.access - INFO - 127.0.0.1:55824 - "GET / HTTP/1.1" 200
2024-03-08 19:51:03,798 - uvicorn.access - INFO - 127.0.0.1:55824 - "GET /favicon.ico HTTP/1.1" 404
2024-03-08 19:51:09,633 - uvicorn.access - INFO - 127.0.0.1:55823 - "GET /docs HTTP/1.1" 200
2024-03-08 19:51:09,906 - uvicorn.access - INFO - 127.0.0.1:55823 - "GET /docs HTTP/1.1" 200
2024-03-08 19:51:10,316 - uvicorn.access - INFO - 127.0.0.1:55823 - "GET /openapi.json HTTP/1.1" 200
2024-03-08 19:51:24,975 - uvicorn.access - INFO - 127.0.0.1:55822 - "GET /v2/users/profile/see HTTP/1.1" 500
2024-03-08 19:51:24,975 - uvicorn.error - ERROR - Exception in ASGI application
Traceback (most recent call last):
  File "D:\user-service-profilev1\venv\Lib\site-packages\sqlalchemy\orm\mapper.py", line 2505, in get_property
    return self._props[key]
           ~~~~~~~~~~~^^^^^
KeyError: 'account'

The above exception was the direct cause of the following exception:

Traceback (most recent call last):
  File "D:\user-service-profilev1\venv\Lib\site-packages\uvicorn\protocols\http\httptools_impl.py", line 426, in run_asgi
    result = await app(  # type: ignore[func-returns-value]
             ^^^^^^^^^^^^^^^^^^^^^^^^^^^^^^^^^^^^^^^^^^^^^^
  File "D:\user-service-profilev1\venv\Lib\site-packages\uvicorn\middleware\proxy_headers.py", line 84, in __call__
    return await self.app(scope, receive, send)
           ^^^^^^^^^^^^^^^^^^^^^^^^^^^^^^^^^^^^
  File "D:\user-service-profilev1\venv\Lib\site-packages\fastapi\applications.py", line 1054, in __call__
    await super().__call__(scope, receive, send)
  File "D:\user-service-profilev1\venv\Lib\site-packages\starlette\applications.py", line 123, in __call__
    await self.middleware_stack(scope, receive, send)
  File "D:\user-service-profilev1\venv\Lib\site-packages\starlette\middleware\errors.py", line 186, in __call__
    raise exc
  File "D:\user-service-profilev1\venv\Lib\site-packages\starlette\middleware\errors.py", line 164, in __call__
    await self.app(scope, receive, _send)
  File "D:\user-service-profilev1\venv\Lib\site-packages\starlette\middleware\exceptions.py", line 62, in __call__
    await wrap_app_handling_exceptions(self.app, conn)(scope, receive, send)
  File "D:\user-service-profilev1\venv\Lib\site-packages\starlette\_exception_handler.py", line 64, in wrapped_app
    raise exc
  File "D:\user-service-profilev1\venv\Lib\site-packages\starlette\_exception_handler.py", line 53, in wrapped_app
    await app(scope, receive, sender)
  File "D:\user-service-profilev1\venv\Lib\site-packages\starlette\routing.py", line 762, in __call__
    await self.middleware_stack(scope, receive, send)
  File "D:\user-service-profilev1\venv\Lib\site-packages\starlette\routing.py", line 782, in app
    await route.handle(scope, receive, send)
  File "D:\user-service-profilev1\venv\Lib\site-packages\starlette\routing.py", line 297, in handle
    await self.app(scope, receive, send)
  File "D:\user-service-profilev1\venv\Lib\site-packages\starlette\routing.py", line 77, in app
    await wrap_app_handling_exceptions(app, request)(scope, receive, send)
  File "D:\user-service-profilev1\venv\Lib\site-packages\starlette\_exception_handler.py", line 64, in wrapped_app
    raise exc
  File "D:\user-service-profilev1\venv\Lib\site-packages\starlette\_exception_handler.py", line 53, in wrapped_app
    await app(scope, receive, sender)
  File "D:\user-service-profilev1\venv\Lib\site-packages\starlette\routing.py", line 72, in app
    response = await func(request)
               ^^^^^^^^^^^^^^^^^^^
  File "D:\user-service-profilev1\venv\Lib\site-packages\fastapi\routing.py", line 299, in app
    raise e
  File "D:\user-service-profilev1\venv\Lib\site-packages\fastapi\routing.py", line 294, in app
    raw_response = await run_endpoint_function(
                   ^^^^^^^^^^^^^^^^^^^^^^^^^^^^
  File "D:\user-service-profilev1\venv\Lib\site-packages\fastapi\routing.py", line 191, in run_endpoint_function
    return await dependant.call(**values)
           ^^^^^^^^^^^^^^^^^^^^^^^^^^^^^^
  File "D:\user-service-profilev1\endpoints\routers.py", line 25, in check_available_username
    is_available = await DatabaseInterface.check_username(username)
                   ^^^^^^^^^^^^^^^^^^^^^^^^^^^^^^^^^^^^^^^^^^^^^^^^
  File "D:\user-service-profilev1\database\interface.py", line 163, in check_username
    username_is_existed = await session.execute(username_is_existed)
                          ^^^^^^^^^^^^^^^^^^^^^^^^^^^^^^^^^^^^^^^^^^
  File "D:\user-service-profilev1\venv\Lib\site-packages\sqlalchemy\ext\asyncio\session.py", line 455, in execute
    result = await greenlet_spawn(
             ^^^^^^^^^^^^^^^^^^^^^
  File "D:\user-service-profilev1\venv\Lib\site-packages\sqlalchemy\util\_concurrency_py3k.py", line 189, in greenlet_spawn
    result = context.switch(*args, **kwargs)
             ^^^^^^^^^^^^^^^^^^^^^^^^^^^^^^^
  File "D:\user-service-profilev1\venv\Lib\site-packages\sqlalchemy\orm\session.py", line 2308, in execute
    return self._execute_internal(
           ^^^^^^^^^^^^^^^^^^^^^^^
  File "D:\user-service-profilev1\venv\Lib\site-packages\sqlalchemy\orm\session.py", line 2190, in _execute_internal
    result: Result[Any] = compile_state_cls.orm_execute_statement(
                          ^^^^^^^^^^^^^^^^^^^^^^^^^^^^^^^^^^^^^^^^
  File "D:\user-service-profilev1\venv\Lib\site-packages\sqlalchemy\orm\context.py", line 293, in orm_execute_statement
    result = conn.execute(
             ^^^^^^^^^^^^^
  File "D:\user-service-profilev1\venv\Lib\site-packages\sqlalchemy\engine\base.py", line 1416, in execute
    return meth(
           ^^^^^
  File "D:\user-service-profilev1\venv\Lib\site-packages\sqlalchemy\sql\elements.py", line 517, in _execute_on_connection
    return connection._execute_clauseelement(
           ^^^^^^^^^^^^^^^^^^^^^^^^^^^^^^^^^^
  File "D:\user-service-profilev1\venv\Lib\site-packages\sqlalchemy\engine\base.py", line 1631, in _execute_clauseelement
    compiled_sql, extracted_params, cache_hit = elem._compile_w_cache(
                                                ^^^^^^^^^^^^^^^^^^^^^^
  File "D:\user-service-profilev1\venv\Lib\site-packages\sqlalchemy\sql\elements.py", line 705, in _compile_w_cache
    compiled_sql = self._compiler(
                   ^^^^^^^^^^^^^^^
  File "D:\user-service-profilev1\venv\Lib\site-packages\sqlalchemy\sql\elements.py", line 317, in _compiler
    return dialect.statement_compiler(dialect, self, **kw)
           ^^^^^^^^^^^^^^^^^^^^^^^^^^^^^^^^^^^^^^^^^^^^^^^
  File "D:\user-service-profilev1\venv\Lib\site-packages\sqlalchemy\sql\compiler.py", line 1427, in __init__
    Compiled.__init__(self, dialect, statement, **kwargs)
  File "D:\user-service-profilev1\venv\Lib\site-packages\sqlalchemy\sql\compiler.py", line 867, in __init__
    self.string = self.process(self.statement, **compile_kwargs)
                  ^^^^^^^^^^^^^^^^^^^^^^^^^^^^^^^^^^^^^^^^^^^^^^
  File "D:\user-service-profilev1\venv\Lib\site-packages\sqlalchemy\sql\compiler.py", line 912, in process
    return obj._compiler_dispatch(self, **kwargs)
           ^^^^^^^^^^^^^^^^^^^^^^^^^^^^^^^^^^^^^^
  File "D:\user-service-profilev1\venv\Lib\site-packages\sqlalchemy\sql\visitors.py", line 143, in _compiler_dispatch
    return meth(self, **kw)  # type: ignore  # noqa: E501
           ^^^^^^^^^^^^^^^^
  File "D:\user-service-profilev1\venv\Lib\site-packages\sqlalchemy\sql\compiler.py", line 4609, in visit_select
    compile_state = select_stmt._compile_state_factory(
                    ^^^^^^^^^^^^^^^^^^^^^^^^^^^^^^^^^^^
  File "D:\user-service-profilev1\venv\Lib\site-packages\sqlalchemy\sql\base.py", line 687, in create_for_statement
    return klass.create_for_statement(statement, compiler, **kw)
           ^^^^^^^^^^^^^^^^^^^^^^^^^^^^^^^^^^^^^^^^^^^^^^^^^^^^^
  File "D:\user-service-profilev1\venv\Lib\site-packages\sqlalchemy\orm\context.py", line 1091, in create_for_statement
    _QueryEntity.to_compile_state(
  File "D:\user-service-profilev1\venv\Lib\site-packages\sqlalchemy\orm\context.py", line 2570, in to_compile_state
    _ColumnEntity._for_columns(
  File "D:\user-service-profilev1\venv\Lib\site-packages\sqlalchemy\orm\context.py", line 2924, in _for_columns
    _ORMColumnEntity(
  File "D:\user-service-profilev1\venv\Lib\site-packages\sqlalchemy\orm\context.py", line 3138, in __init__
    _entity._post_inspect
  File "D:\user-service-profilev1\venv\Lib\site-packages\sqlalchemy\util\langhelpers.py", line 1260, in __get__
    obj.__dict__[self.__name__] = result = self.fget(obj)
                                           ^^^^^^^^^^^^^^
  File "D:\user-service-profilev1\venv\Lib\site-packages\sqlalchemy\orm\mapper.py", line 2707, in _post_inspect
    self._check_configure()
  File "D:\user-service-profilev1\venv\Lib\site-packages\sqlalchemy\orm\mapper.py", line 2386, in _check_configure
    _configure_registries({self.registry}, cascade=True)
  File "D:\user-service-profilev1\venv\Lib\site-packages\sqlalchemy\orm\mapper.py", line 4199, in _configure_registries
    _do_configure_registries(registries, cascade)
  File "D:\user-service-profilev1\venv\Lib\site-packages\sqlalchemy\orm\mapper.py", line 4240, in _do_configure_registries
    mapper._post_configure_properties()
  File "D:\user-service-profilev1\venv\Lib\site-packages\sqlalchemy\orm\mapper.py", line 2403, in _post_configure_properties
    prop.init()
  File "D:\user-service-profilev1\venv\Lib\site-packages\sqlalchemy\orm\interfaces.py", line 579, in init
    self.do_init()
  File "D:\user-service-profilev1\venv\Lib\site-packages\sqlalchemy\orm\relationships.py", line 1643, in do_init
    self._generate_backref()
  File "D:\user-service-profilev1\venv\Lib\site-packages\sqlalchemy\orm\relationships.py", line 2129, in _generate_backref
    self._add_reverse_property(self.back_populates)
  File "D:\user-service-profilev1\venv\Lib\site-packages\sqlalchemy\orm\relationships.py", line 1574, in _add_reverse_property
    other = self.mapper.get_property(key, _configure_mappers=False)
            ^^^^^^^^^^^^^^^^^^^^^^^^^^^^^^^^^^^^^^^^^^^^^^^^^^^^^^^
  File "D:\user-service-profilev1\venv\Lib\site-packages\sqlalchemy\orm\mapper.py", line 2507, in get_property
    raise sa_exc.InvalidRequestError(
sqlalchemy.exc.InvalidRequestError: Mapper 'Mapper[UsersProfiles(users_profiles)]' has no property 'account'.  If this property was indicated from other mappers or configure events, ensure registry.configure() has been called.
2024-03-08 19:55:21,249 - uvicorn.error - INFO - Shutting down
2024-03-08 19:55:21,359 - uvicorn.error - INFO - Waiting for application shutdown.
2024-03-08 19:55:21,360 - uvicorn.error - INFO - Application shutdown complete.
2024-03-08 19:55:21,361 - uvicorn.error - INFO - Finished server process [9560]
2024-03-08 19:55:23,330 - uvicorn.error - INFO - Started server process [1888]
2024-03-08 19:55:23,330 - uvicorn.error - INFO - Waiting for application startup.
2024-03-08 19:55:23,391 - uvicorn.error - INFO - Application startup complete.
2024-03-08 19:57:03,273 - uvicorn.access - INFO - 127.0.0.1:55925 - "GET /v2/users/profile/see HTTP/1.1" 200
2024-03-08 19:57:04,740 - uvicorn.access - INFO - 127.0.0.1:55925 - "GET /v2/users/profile/see HTTP/1.1" 200
2024-03-08 19:57:05,402 - uvicorn.access - INFO - 127.0.0.1:55925 - "GET /v2/users/profile/see HTTP/1.1" 200
2024-03-08 19:58:03,789 - uvicorn.error - INFO - Shutting down
2024-03-08 19:58:03,900 - uvicorn.error - INFO - Waiting for application shutdown.
2024-03-08 19:58:03,902 - uvicorn.error - INFO - Application shutdown complete.
2024-03-08 19:58:03,903 - uvicorn.error - INFO - Finished server process [1888]
2024-03-08 19:58:05,774 - uvicorn.error - INFO - Started server process [3340]
2024-03-08 19:58:05,774 - uvicorn.error - INFO - Waiting for application startup.
2024-03-08 19:58:05,827 - uvicorn.error - INFO - Application startup complete.
2024-03-08 19:58:09,520 - uvicorn.access - INFO - 127.0.0.1:55940 - "GET /v2/users/profile/see HTTP/1.1" 200
2024-03-08 20:23:29,232 - uvicorn.access - INFO - 127.0.0.1:56249 - "GET /openapi.json HTTP/1.1" 200
2024-03-08 20:34:46,292 - uvicorn.access - INFO - 127.0.0.1:56471 - "GET /openapi.json HTTP/1.1" 200
2024-03-08 20:42:02,482 - uvicorn.error - INFO - Shutting down
2024-03-08 20:42:02,593 - uvicorn.error - INFO - Waiting for application shutdown.
2024-03-08 20:42:02,599 - uvicorn.error - INFO - Application shutdown complete.
2024-03-08 20:42:02,600 - uvicorn.error - INFO - Finished server process [3340]
2024-03-08 22:31:15,181 - endpoints.routers - ERROR - 'UserCreateModel' object has no attribute 'description'
2024-03-08 22:32:59,241 - endpoints.routers - ERROR - 'UserCreateModel' object has no attribute 'firebaseToken'
2024-03-08 22:34:22,937 - endpoints.routers - ERROR - Входные данные: {'username': 'seemyown', 'password': 'seemyown', 'email': 'semyon.albeev@gmail.com', 'firstName': 'Semyon', 'lastName': 'Albeev', 'gender': <GenderType.male: 'm'>, 'dateOfBirth': datetime.date(2003, 7, 3), 'city': 'Ростов-на-Дону', 'description': 'decrt', 'firebaseToken': 'firebase'}, Error: <class 'sqlalchemy.exc.IntegrityError'>
Traceback (most recent call last):
  File "D:\user-service-profilev1\venv\Lib\site-packages\sqlalchemy\dialects\postgresql\asyncpg.py", line 546, in _prepare_and_execute
    self._rows = await prepared_stmt.fetch(*parameters)
                 ^^^^^^^^^^^^^^^^^^^^^^^^^^^^^^^^^^^^^^
  File "D:\user-service-profilev1\venv\Lib\site-packages\asyncpg\prepared_stmt.py", line 176, in fetch
    data = await self.__bind_execute(args, 0, timeout)
           ^^^^^^^^^^^^^^^^^^^^^^^^^^^^^^^^^^^^^^^^^^^
  File "D:\user-service-profilev1\venv\Lib\site-packages\asyncpg\prepared_stmt.py", line 241, in __bind_execute
    data, status, _ = await self.__do_execute(
                      ^^^^^^^^^^^^^^^^^^^^^^^^
  File "D:\user-service-profilev1\venv\Lib\site-packages\asyncpg\prepared_stmt.py", line 230, in __do_execute
    return await executor(protocol)
           ^^^^^^^^^^^^^^^^^^^^^^^^
  File "asyncpg\protocol\protocol.pyx", line 207, in bind_execute
asyncpg.exceptions.UniqueViolationError: duplicate key value violates unique constraint "users_accounts_username_key"
DETAIL:  Key (username)=(seemyown) already exists.

The above exception was the direct cause of the following exception:

Traceback (most recent call last):
  File "D:\user-service-profilev1\venv\Lib\site-packages\sqlalchemy\engine\base.py", line 1969, in _exec_single_context
    self.dialect.do_execute(
  File "D:\user-service-profilev1\venv\Lib\site-packages\sqlalchemy\engine\default.py", line 922, in do_execute
    cursor.execute(statement, parameters)
  File "D:\user-service-profilev1\venv\Lib\site-packages\sqlalchemy\dialects\postgresql\asyncpg.py", line 580, in execute
    self._adapt_connection.await_(
  File "D:\user-service-profilev1\venv\Lib\site-packages\sqlalchemy\util\_concurrency_py3k.py", line 130, in await_only
    return current.driver.switch(awaitable)  # type: ignore[no-any-return]
           ^^^^^^^^^^^^^^^^^^^^^^^^^^^^^^^^
  File "D:\user-service-profilev1\venv\Lib\site-packages\sqlalchemy\util\_concurrency_py3k.py", line 195, in greenlet_spawn
    value = await result
            ^^^^^^^^^^^^
  File "D:\user-service-profilev1\venv\Lib\site-packages\sqlalchemy\dialects\postgresql\asyncpg.py", line 558, in _prepare_and_execute
    self._handle_exception(error)
  File "D:\user-service-profilev1\venv\Lib\site-packages\sqlalchemy\dialects\postgresql\asyncpg.py", line 509, in _handle_exception
    self._adapt_connection._handle_exception(error)
  File "D:\user-service-profilev1\venv\Lib\site-packages\sqlalchemy\dialects\postgresql\asyncpg.py", line 797, in _handle_exception
    raise translated_error from error
sqlalchemy.dialects.postgresql.asyncpg.AsyncAdapt_asyncpg_dbapi.IntegrityError: <class 'asyncpg.exceptions.UniqueViolationError'>: duplicate key value violates unique constraint "users_accounts_username_key"
DETAIL:  Key (username)=(seemyown) already exists.

The above exception was the direct cause of the following exception:

Traceback (most recent call last):
  File "D:\user-service-profilev1\endpoints\routers.py", line 48, in create_user
    user_id, link = await DatabaseInterface.create_user(body)
                    ^^^^^^^^^^^^^^^^^^^^^^^^^^^^^^^^^^^^^^^^^
  File "D:\user-service-profilev1\database\interface.py", line 24, in create_user
    await session.flush()
  File "D:\user-service-profilev1\venv\Lib\site-packages\sqlalchemy\ext\asyncio\session.py", line 802, in flush
    await greenlet_spawn(self.sync_session.flush, objects=objects)
  File "D:\user-service-profilev1\venv\Lib\site-packages\sqlalchemy\util\_concurrency_py3k.py", line 202, in greenlet_spawn
    result = context.switch(value)
             ^^^^^^^^^^^^^^^^^^^^^
  File "D:\user-service-profilev1\venv\Lib\site-packages\sqlalchemy\orm\session.py", line 4312, in flush
    self._flush(objects)
  File "D:\user-service-profilev1\venv\Lib\site-packages\sqlalchemy\orm\session.py", line 4447, in _flush
    with util.safe_reraise():
  File "D:\user-service-profilev1\venv\Lib\site-packages\sqlalchemy\util\langhelpers.py", line 146, in __exit__
    raise exc_value.with_traceback(exc_tb)
  File "D:\user-service-profilev1\venv\Lib\site-packages\sqlalchemy\orm\session.py", line 4408, in _flush
    flush_context.execute()
  File "D:\user-service-profilev1\venv\Lib\site-packages\sqlalchemy\orm\unitofwork.py", line 466, in execute
    rec.execute(self)
  File "D:\user-service-profilev1\venv\Lib\site-packages\sqlalchemy\orm\unitofwork.py", line 642, in execute
    util.preloaded.orm_persistence.save_obj(
  File "D:\user-service-profilev1\venv\Lib\site-packages\sqlalchemy\orm\persistence.py", line 93, in save_obj
    _emit_insert_statements(
  File "D:\user-service-profilev1\venv\Lib\site-packages\sqlalchemy\orm\persistence.py", line 1227, in _emit_insert_statements
    result = connection.execute(
             ^^^^^^^^^^^^^^^^^^^
  File "D:\user-service-profilev1\venv\Lib\site-packages\sqlalchemy\engine\base.py", line 1416, in execute
    return meth(
           ^^^^^
  File "D:\user-service-profilev1\venv\Lib\site-packages\sqlalchemy\sql\elements.py", line 517, in _execute_on_connection
    return connection._execute_clauseelement(
           ^^^^^^^^^^^^^^^^^^^^^^^^^^^^^^^^^^
  File "D:\user-service-profilev1\venv\Lib\site-packages\sqlalchemy\engine\base.py", line 1639, in _execute_clauseelement
    ret = self._execute_context(
          ^^^^^^^^^^^^^^^^^^^^^^
  File "D:\user-service-profilev1\venv\Lib\site-packages\sqlalchemy\engine\base.py", line 1848, in _execute_context
    return self._exec_single_context(
           ^^^^^^^^^^^^^^^^^^^^^^^^^^
  File "D:\user-service-profilev1\venv\Lib\site-packages\sqlalchemy\engine\base.py", line 1988, in _exec_single_context
    self._handle_dbapi_exception(
  File "D:\user-service-profilev1\venv\Lib\site-packages\sqlalchemy\engine\base.py", line 2344, in _handle_dbapi_exception
    raise sqlalchemy_exception.with_traceback(exc_info[2]) from e
  File "D:\user-service-profilev1\venv\Lib\site-packages\sqlalchemy\engine\base.py", line 1969, in _exec_single_context
    self.dialect.do_execute(
  File "D:\user-service-profilev1\venv\Lib\site-packages\sqlalchemy\engine\default.py", line 922, in do_execute
    cursor.execute(statement, parameters)
  File "D:\user-service-profilev1\venv\Lib\site-packages\sqlalchemy\dialects\postgresql\asyncpg.py", line 580, in execute
    self._adapt_connection.await_(
  File "D:\user-service-profilev1\venv\Lib\site-packages\sqlalchemy\util\_concurrency_py3k.py", line 130, in await_only
    return current.driver.switch(awaitable)  # type: ignore[no-any-return]
           ^^^^^^^^^^^^^^^^^^^^^^^^^^^^^^^^
  File "D:\user-service-profilev1\venv\Lib\site-packages\sqlalchemy\util\_concurrency_py3k.py", line 195, in greenlet_spawn
    value = await result
            ^^^^^^^^^^^^
  File "D:\user-service-profilev1\venv\Lib\site-packages\sqlalchemy\dialects\postgresql\asyncpg.py", line 558, in _prepare_and_execute
    self._handle_exception(error)
  File "D:\user-service-profilev1\venv\Lib\site-packages\sqlalchemy\dialects\postgresql\asyncpg.py", line 509, in _handle_exception
    self._adapt_connection._handle_exception(error)
  File "D:\user-service-profilev1\venv\Lib\site-packages\sqlalchemy\dialects\postgresql\asyncpg.py", line 797, in _handle_exception
    raise translated_error from error
sqlalchemy.exc.IntegrityError: (sqlalchemy.dialects.postgresql.asyncpg.IntegrityError) <class 'asyncpg.exceptions.UniqueViolationError'>: duplicate key value violates unique constraint "users_accounts_username_key"
DETAIL:  Key (username)=(seemyown) already exists.
[SQL: INSERT INTO users_accounts (id, username, password, email, "isOpenAccount", "primeStatus", created_at) VALUES ($1::UUID, $2::VARCHAR, $3::VARCHAR, $4::VARCHAR, $5::BOOLEAN, $6::BOOLEAN, $7::TIMESTAMP WITHOUT TIME ZONE)]
[parameters: (UUID('ea334739-bcc9-4362-9d75-d2fcf110c0ed'), 'seemyown', '$2b$12$zpp.o7.aReIedpKRPI1j5OHpIS/ApR1qDAxEkzhGGLE1DRGJ.uHlK', 'semyon.albeev@gmail.com', True, False, datetime.datetime(2024, 3, 8, 19, 34, 22, 918959))]
(Background on this error at: https://sqlalche.me/e/20/gkpj)
2024-03-09 14:57:22,747 - httpx - INFO - HTTP Request: POST http://127.0.0.1:8002/v2/service/community//users "HTTP/1.1 404 Not Found"
2024-03-09 14:57:22,761 - helpers.cross_service - INFO - Response status code: 404
2024-03-09 14:57:44,642 - httpx - INFO - HTTP Request: POST http://127.0.0.1:8002/v2/service/community/users "HTTP/1.1 404 Not Found"
2024-03-09 14:57:44,644 - helpers.cross_service - INFO - Response status code: 404
2024-03-09 14:58:50,472 - httpx - INFO - HTTP Request: POST http://127.0.0.1:8002/v2/service/community/register "HTTP/1.1 422 Unprocessable Entity"
2024-03-09 14:58:50,473 - helpers.cross_service - INFO - Response status code: 422
2024-03-09 15:01:18,705 - httpx - INFO - HTTP Request: POST http://127.0.0.1:8002/v2/service/community/register "HTTP/1.1 422 Unprocessable Entity"
2024-03-09 15:01:18,707 - helpers.cross_service - INFO - Response status code: 422
2024-03-09 15:01:18,708 - helpers.cross_service - INFO - Response text: {"detail":[{"type":"missing","loc":["body","medisUrl"],"msg":"Field required","input":{"id":"37344d12-7e28-4eaf-a82b-abdbcd622bea","username":"usernascsm4","firstName":"John","lastName":"Doe","mediaUrl":"https://6713260c-bb88-45ed-b4a3-0f4d94108eaa.selstorage.ru/default-avatar-dark.png","isPrime":false},"url":"https://errors.pydantic.dev/2.5/v/missing"}]}
2024-03-09 15:01:47,492 - httpx - INFO - HTTP Request: POST http://127.0.0.1:8002/v2/service/community/register "HTTP/1.1 201 Created"
2024-03-09 15:01:47,493 - helpers.cross_service - INFO - Response status code: 201
2024-03-09 15:01:47,493 - helpers.cross_service - INFO - Response text: {"message":"success"}
2024-03-16 02:49:25,575 - aio_pika.robust_connection - INFO - Connection to amqp://guest:******@localhost closed. Reconnecting after 5 seconds.
2024-03-16 02:49:25,633 - aio_pika.robust_connection - INFO - Connection to amqp://guest:******@localhost closed. Reconnecting after 5 seconds.
2024-03-16 02:49:26,386 - httpx - INFO - HTTP Request: POST http://127.0.0.1:8002/v2/service/community/register "HTTP/1.1 201 Created"
2024-03-16 02:49:26,387 - helpers.cross_service - INFO - Response status code: 201
2024-03-16 02:49:26,388 - helpers.cross_service - INFO - Response text: {"message":"success"}
2024-03-16 02:50:42,020 - httpx - INFO - HTTP Request: POST http://127.0.0.1:8002/v2/service/community/register "HTTP/1.1 201 Created"
2024-03-16 02:50:42,021 - helpers.cross_service - INFO - Response status code: 201
2024-03-16 02:50:42,021 - helpers.cross_service - INFO - Response text: {"message":"success"}
2024-03-16 02:51:28,508 - httpx - INFO - HTTP Request: POST http://127.0.0.1:8002/v2/service/community/register "HTTP/1.1 201 Created"
2024-03-16 02:51:28,508 - helpers.cross_service - INFO - Response status code: 201
2024-03-16 02:51:28,509 - helpers.cross_service - INFO - Response text: {"message":"success"}
2024-03-17 02:44:50,648 - endpoints.routers - ERROR - Error: <class 'pydantic_core._pydantic_core.ValidationError'>
2024-03-17 02:46:05,242 - endpoints.routers - ERROR - Error: <class 'pydantic_core._pydantic_core.ValidationError'>
2024-03-17 02:46:51,950 - endpoints.routers - ERROR - Error: <class 'pydantic_core._pydantic_core.ValidationError'>
